<?xml version="1.0" encoding="UTF-8"?>
<!-- Generated by org.testng.reporters.JUnitReportReporter -->
<testsuite hostname="Pramod-PC" name="com.actitime.regression.CreateUserReg_SC_0001" tests="1" failures="0" timestamp="31 Mar 2015 14:36:22 GMT" time="16.021" errors="0">
  <testcase name="createUser_TC_001" time="16.021" classname="com.actitime.regression.CreateUserReg_SC_0001"/>
</testsuite> <!-- com.actitime.regression.CreateUserReg_SC_0001 -->
