<?xml version="1.0" encoding="UTF-8"?>
<!-- Generated by org.testng.reporters.JUnitReportReporter -->
<testsuite hostname="Pramod-PC" name="com.actitime.functional.loginLogoutSC002" tests="1" failures="0" timestamp="30 Mar 2015 14:54:56 GMT" time="3.259" errors="0">
  <testcase name="loginLogout" time="3.259" classname="com.actitime.functional.loginLogoutSC002"/>
</testsuite> <!-- com.actitime.functional.loginLogoutSC002 -->
