<?xml version="1.0" encoding="UTF-8"?>
<!-- Generated by org.testng.reporters.JUnitReportReporter -->
<testsuite hostname="Pramod-PC" name="com.actitime.functional.CreateUserSC003" tests="1" failures="0" timestamp="31 Mar 2015 14:21:12 GMT" time="7.221" errors="0">
  <testcase name="createUserTC001" time="7.221" classname="com.actitime.functional.CreateUserSC003"/>
</testsuite> <!-- com.actitime.functional.CreateUserSC003 -->
