<?xml version="1.0" encoding="UTF-8"?>
<!-- Generated by org.testng.reporters.JUnitReportReporter -->
<testsuite hostname="Pramod-PC" name="com.actitime.functional.LoginSC_001" tests="1" failures="0" timestamp="30 Mar 2015 14:54:56 GMT" time="1.614" errors="0">
  <testcase name="loginTC_001" time="1.614" classname="com.actitime.functional.LoginSC_001"/>
</testsuite> <!-- com.actitime.functional.LoginSC_001 -->
