<?xml version="1.0" encoding="UTF-8"?>
<!-- Generated by org.testng.reporters.JUnitReportReporter -->
<testsuite hostname="Pramod-PC" name="com.actitime.coflict.ConflictLib" tests="1" failures="0" timestamp="26 Mar 2015 14:58:58 GMT" time="0.007" errors="0">
  <testcase name="t" time="0.007" classname="com.actitime.coflict.ConflictLib"/>
</testsuite> <!-- com.actitime.coflict.ConflictLib -->
