<?xml version="1.0" encoding="UTF-8"?>
<!-- Generated by org.testng.reporters.JUnitReportReporter -->
<testsuite hostname="Pramod-PC" name="test.TEst1" tests="5" failures="0" timestamp="2 Apr 2015 14:39:07 GMT" time="0.023" errors="0">
  <testcase name="t3" time="0.002" classname="test.TEst1"/>
  <testcase name="t2" time="0.014" classname="test.TEst1"/>
  <testcase name="t2" time="0.003" classname="test.TEst1"/>
  <testcase name="t2" time="0.002" classname="test.TEst1"/>
  <testcase name="t2" time="0.002" classname="test.TEst1"/>
</testsuite> <!-- test.TEst1 -->
